<?xml version="1.0" encoding="UTF-8"?>
<!-- Generated by org.testng.reporters.JUnitReportReporter -->
<testsuite hostname="PK-00000503" failures="0" tests="1" name="testcase.TestCases" time="22.100" errors="0" timestamp="2021-10-20T18:35:51 PKT" skipped="0">
  <testcase classname="testcase.TestCases" name="testcase" time="22.100"/>
  <system-out/>
</testsuite> <!-- testcase.TestCases -->
