<?xml version="1.0" encoding="UTF-8"?>
<!-- Generated by org.testng.reporters.JUnitReportReporter -->
<testsuite hostname="PK-00000503" failures="0" tests="1" name="config.BaseClass" time="16.229" errors="0" timestamp="2021-10-20T15:28:16 PKT" skipped="0">
  <testcase classname="config.BaseClass" name="setup" time="16.229"/>
  <system-out/>
</testsuite> <!-- config.BaseClass -->
